<?xml version="1.0" encoding="UTF-8"?>
<!-- Generated by org.testng.reporters.JUnitReportReporter -->
<testsuite ignored="0" hostname="Jamess-MacBook-Air.local" failures="0" tests="4" name="actions.LoginTest" time="12.868" errors="0" timestamp="11 Jan 2024 15:32:10 GMT" skipped="0">
  <testcase classname="actions.LoginTest" name="loginSuccess" time="2.886"/>
  <testcase classname="actions.LoginTest" name="LoginInvalidUsername" time="6.651"/>
  <testcase classname="actions.LoginTest" name="LoginInvalidPassword" time="2.170"/>
  <testcase classname="actions.LoginTest" name="LoginLockedAccount" time="1.161"/>
</testsuite> <!-- actions.LoginTest -->
